1560025181770	mozrunner::runner	INFO	Running command: "/Applications/Firefox.app/Contents/MacOS/firefox-bin" "-marionette" "-headless" "-foreground" "-no-remote" "-profile" "/var/folders/66/nqlqm3sn09jcgp32v640spf00000gn/T/rust_mozprofile.WskTzkr0Z73r"
*** You are running in headless mode.
1560025182174	addons.webextension.screenshots@mozilla.org	WARN	Loading extension 'screenshots@mozilla.org': Reading manifest: Invalid extension permission: mozillaAddons
1560025182175	addons.webextension.screenshots@mozilla.org	WARN	Loading extension 'screenshots@mozilla.org': Reading manifest: Invalid extension permission: resource://pdf.js/
1560025182175	addons.webextension.screenshots@mozilla.org	WARN	Loading extension 'screenshots@mozilla.org': Reading manifest: Invalid extension permission: about:reader*
1560025183482	Marionette	INFO	Listening on port 60423
1560025183509	Marionette	WARN	TLS certificate errors will be ignored for this session
1560025344048	mozrunner::runner	INFO	Running command: "/Applications/Firefox.app/Contents/MacOS/firefox-bin" "-marionette" "-headless" "-foreground" "-no-remote" "-profile" "/var/folders/66/nqlqm3sn09jcgp32v640spf00000gn/T/rust_mozprofile.vi27aY2W3CLh"
*** You are running in headless mode.
1560025344421	addons.webextension.screenshots@mozilla.org	WARN	Loading extension 'screenshots@mozilla.org': Reading manifest: Invalid extension permission: mozillaAddons
1560025344421	addons.webextension.screenshots@mozilla.org	WARN	Loading extension 'screenshots@mozilla.org': Reading manifest: Invalid extension permission: resource://pdf.js/
1560025344421	addons.webextension.screenshots@mozilla.org	WARN	Loading extension 'screenshots@mozilla.org': Reading manifest: Invalid extension permission: about:reader*
1560025345844	Marionette	INFO	Listening on port 61173
1560025345888	Marionette	WARN	TLS certificate errors will be ignored for this session
JavaScript error: https://www.inegi.org.mx/app/saic/JavaScript/JScript.min.js?v=1.1.5, line 1: ReferenceError: DemandLoadNodeSaic is not defined
JavaScript error: https://www.inegi.org.mx/app/saic/JavaScript/JScript.min.js?v=1.1.5, line 1: TypeError: $(...).tooltip is not a function
JavaScript error: https://www.inegi.org.mx/app/saic/JavaScript/JScript.min.js?v=1.1.5, line 1: TypeError: $(...).tooltip is not a function
1560025509885	mozrunner::runner	INFO	Running command: "/Applications/Firefox.app/Contents/MacOS/firefox-bin" "-marionette" "-headless" "-foreground" "-no-remote" "-profile" "/var/folders/66/nqlqm3sn09jcgp32v640spf00000gn/T/rust_mozprofile.uIX63tAJUg6j"
*** You are running in headless mode.
1560025510277	addons.webextension.screenshots@mozilla.org	WARN	Loading extension 'screenshots@mozilla.org': Reading manifest: Invalid extension permission: mozillaAddons
1560025510277	addons.webextension.screenshots@mozilla.org	WARN	Loading extension 'screenshots@mozilla.org': Reading manifest: Invalid extension permission: resource://pdf.js/
1560025510277	addons.webextension.screenshots@mozilla.org	WARN	Loading extension 'screenshots@mozilla.org': Reading manifest: Invalid extension permission: about:reader*
1560025511618	Marionette	INFO	Listening on port 61958
1560025511625	Marionette	WARN	TLS certificate errors will be ignored for this session
1560025657529	mozrunner::runner	INFO	Running command: "/Applications/Firefox.app/Contents/MacOS/firefox-bin" "-marionette" "-headless" "-foreground" "-no-remote" "-profile" "/var/folders/66/nqlqm3sn09jcgp32v640spf00000gn/T/rust_mozprofile.RnTX8nWYRds9"
*** You are running in headless mode.
1560025657969	addons.webextension.screenshots@mozilla.org	WARN	Loading extension 'screenshots@mozilla.org': Reading manifest: Invalid extension permission: mozillaAddons
1560025657970	addons.webextension.screenshots@mozilla.org	WARN	Loading extension 'screenshots@mozilla.org': Reading manifest: Invalid extension permission: resource://pdf.js/
1560025657970	addons.webextension.screenshots@mozilla.org	WARN	Loading extension 'screenshots@mozilla.org': Reading manifest: Invalid extension permission: about:reader*
1560025659650	Marionette	INFO	Listening on port 62619
1560025659676	Marionette	WARN	TLS certificate errors will be ignored for this session
[GFX1-]: Receive IPC close with reason=AbnormalShutdown
Exiting due to channel error.
Exiting due to channel error.
[GFX1-]: Receive IPC close with reason=AbnormalShutdown
Exiting due to channel error.
[GFX1-]: Receive IPC close with reason=AbnormalShutdown
Exiting due to channel error.
Exiting due to channel error.
[GFX1-]: Receive IPC close with reason=AbnormalShutdown
Exiting due to channel error.
Exiting due to channel error.
[GFX1-]: Receive IPC close with reason=AbnormalShutdown
Exiting due to channel error.
[GFX1-]: Receive IPC close with reason=AbnormalShutdown
Exiting due to channel error.
[GFX1-]: Receive IPC close with reason=AbnormalShutdown
Exiting due to channel error.
[GFX1-]: Receive IPC close with reason=AbnormalShutdown
Exiting due to channel error.
Exiting due to channel error.
